<?xml version="1.0" encoding="UTF-8"?>
<testng-results ignored="0" total="10" passed="9" failed="1" skipped="0">
  <reporter-output>
  </reporter-output>
  <suite started-at="2024-11-28T19:21:47 IST" name="Suite" finished-at="2024-11-28T19:39:48 IST" duration-ms="1080111">
    <groups>
      <group name="cucumber">
        <method signature="AbstractTestNGCucumberTests.runScenario(io.cucumber.testng.PickleWrapper,io.cucumber.testng.FeatureWrapper)[pri:0, instance:runner.TestRunner@4ba302e0]" name="runScenario" class="io.cucumber.testng.AbstractTestNGCucumberTests"/>
      </group> <!-- cucumber -->
    </groups>
    <test started-at="2024-11-28T19:21:47 IST" name="Cucumber Test Runner" finished-at="2024-11-28T19:39:48 IST" duration-ms="1080111">
      <class name="runner.TestRunner">
        <test-method is-config="true" signature="setUpClass(org.testng.ITestContext)[pri:0, instance:runner.TestRunner@4ba302e0]" started-at="2024-11-28T19:21:47 IST" name="setUpClass" finished-at="2024-11-28T19:21:48 IST" duration-ms="660" status="PASS">
          <params>
            <param index="0">
              <value>
                <![CDATA[org.testng.TestRunner@48b1b469]]>
              </value>
            </param>
          </params>
          <reporter-output>
          </reporter-output>
        </test-method> <!-- setUpClass -->
        <test-method signature="runScenario(io.cucumber.testng.PickleWrapper,io.cucumber.testng.FeatureWrapper)[pri:0, instance:runner.TestRunner@4ba302e0]" started-at="2024-11-28T19:21:48 IST" name="runScenario" description="Runs Cucumber Scenarios" data-provider="scenarios" finished-at="2024-11-28T19:22:42 IST" duration-ms="53996" status="PASS">
          <params>
            <param index="0">
              <value>
                <![CDATA["Verify that the homepage loads successfully."]]>
              </value>
            </param>
            <param index="1">
              <value>
                <![CDATA["Verify Homepage Load"]]>
              </value>
            </param>
          </params>
          <reporter-output>
          </reporter-output>
        </test-method> <!-- runScenario -->
        <test-method signature="runScenario(io.cucumber.testng.PickleWrapper,io.cucumber.testng.FeatureWrapper)[pri:0, instance:runner.TestRunner@4ba302e0]" started-at="2024-11-28T19:22:47 IST" name="runScenario" description="Runs Cucumber Scenarios" data-provider="scenarios" finished-at="2024-11-28T19:24:17 IST" duration-ms="90419" status="PASS">
          <params>
            <param index="0">
              <value>
                <![CDATA["Verify user can sign up successfully"]]>
              </value>
            </param>
            <param index="1">
              <value>
                <![CDATA["User Signup"]]>
              </value>
            </param>
          </params>
          <reporter-output>
          </reporter-output>
        </test-method> <!-- runScenario -->
        <test-method signature="runScenario(io.cucumber.testng.PickleWrapper,io.cucumber.testng.FeatureWrapper)[pri:0, instance:runner.TestRunner@4ba302e0]" started-at="2024-11-28T19:24:21 IST" name="runScenario" description="Runs Cucumber Scenarios" data-provider="scenarios" finished-at="2024-11-28T19:26:14 IST" duration-ms="113686" status="PASS">
          <params>
            <param index="0">
              <value>
                <![CDATA["Verify user can LOG OUT successfully"]]>
              </value>
            </param>
            <param index="1">
              <value>
                <![CDATA["User Signup"]]>
              </value>
            </param>
          </params>
          <reporter-output>
          </reporter-output>
        </test-method> <!-- runScenario -->
        <test-method signature="runScenario(io.cucumber.testng.PickleWrapper,io.cucumber.testng.FeatureWrapper)[pri:0, instance:runner.TestRunner@4ba302e0]" started-at="2024-11-28T19:26:18 IST" name="runScenario" description="Runs Cucumber Scenarios" data-provider="scenarios" finished-at="2024-11-28T19:28:06 IST" duration-ms="108296" status="PASS">
          <params>
            <param index="0">
              <value>
                <![CDATA["Verify the search functionality with a valid product"]]>
              </value>
            </param>
            <param index="1">
              <value>
                <![CDATA["Search Functionality"]]>
              </value>
            </param>
          </params>
          <reporter-output>
          </reporter-output>
        </test-method> <!-- runScenario -->
        <test-method signature="runScenario(io.cucumber.testng.PickleWrapper,io.cucumber.testng.FeatureWrapper)[pri:0, instance:runner.TestRunner@4ba302e0]" started-at="2024-11-28T19:28:10 IST" name="runScenario" description="Runs Cucumber Scenarios" data-provider="scenarios" finished-at="2024-11-28T19:30:04 IST" duration-ms="114223" status="PASS">
          <params>
            <param index="0">
              <value>
                <![CDATA["Verify that a product can be added to the wishlist."]]>
              </value>
            </param>
            <param index="1">
              <value>
                <![CDATA["Search Functionality"]]>
              </value>
            </param>
          </params>
          <reporter-output>
          </reporter-output>
        </test-method> <!-- runScenario -->
        <test-method signature="runScenario(io.cucumber.testng.PickleWrapper,io.cucumber.testng.FeatureWrapper)[pri:0, instance:runner.TestRunner@4ba302e0]" started-at="2024-11-28T19:30:08 IST" name="runScenario" description="Runs Cucumber Scenarios" data-provider="scenarios" finished-at="2024-11-28T19:32:21 IST" duration-ms="132417" status="PASS">
          <params>
            <param index="0">
              <value>
                <![CDATA["Verify that the product details page opens."]]>
              </value>
            </param>
            <param index="1">
              <value>
                <![CDATA["Search Functionality"]]>
              </value>
            </param>
          </params>
          <reporter-output>
          </reporter-output>
        </test-method> <!-- runScenario -->
        <test-method signature="runScenario(io.cucumber.testng.PickleWrapper,io.cucumber.testng.FeatureWrapper)[pri:0, instance:runner.TestRunner@4ba302e0]" started-at="2024-11-28T19:32:24 IST" name="runScenario" description="Runs Cucumber Scenarios" data-provider="scenarios" finished-at="2024-11-28T19:34:21 IST" duration-ms="116287" status="FAIL">
          <params>
            <param index="0">
              <value>
                <![CDATA["Verify that price filters work correctly."]]>
              </value>
            </param>
            <param index="1">
              <value>
                <![CDATA["Search Functionality"]]>
              </value>
            </param>
          </params>
          <exception class="java.lang.NumberFormatException">
            <message>
              <![CDATA[For input string: ""]]>
            </message>
            <full-stacktrace>
              <![CDATA[java.lang.NumberFormatException: For input string: ""
at java.base/java.lang.NumberFormatException.forInputString(NumberFormatException.java:67)
at java.base/java.lang.Integer.parseInt(Integer.java:565)
at java.base/java.lang.Integer.parseInt(Integer.java:685)
at pages.SearchPage.verifyProductPriceLiesInRange(SearchPage.java:111)
at steps.SearchPageStep.all_displayed_products_should_fall_within_the_selected_price_range(SearchPageStep.java:50)
at ✽.All displayed products should fall within the selected price range(file:///Users/abhisheksharma/Documents/YAKSHA/Selenium%20Projects%20Rework/Urban_new/VM-Java-UrbanLadder-Automation-L1/src/test/java/features/03_SearchPage.feature:30)
]]>
            </full-stacktrace>
          </exception> <!-- java.lang.NumberFormatException -->
          <reporter-output>
          </reporter-output>
        </test-method> <!-- runScenario -->
        <test-method signature="runScenario(io.cucumber.testng.PickleWrapper,io.cucumber.testng.FeatureWrapper)[pri:0, instance:runner.TestRunner@4ba302e0]" started-at="2024-11-28T19:34:25 IST" name="runScenario" description="Runs Cucumber Scenarios" data-provider="scenarios" finished-at="2024-11-28T19:36:35 IST" duration-ms="130852" status="PASS">
          <params>
            <param index="0">
              <value>
                <![CDATA["Verify product details in the wishlist."]]>
              </value>
            </param>
            <param index="1">
              <value>
                <![CDATA["Search Functionality"]]>
              </value>
            </param>
          </params>
          <reporter-output>
          </reporter-output>
        </test-method> <!-- runScenario -->
        <test-method signature="runScenario(io.cucumber.testng.PickleWrapper,io.cucumber.testng.FeatureWrapper)[pri:0, instance:runner.TestRunner@4ba302e0]" started-at="2024-11-28T19:36:39 IST" name="runScenario" description="Runs Cucumber Scenarios" data-provider="scenarios" finished-at="2024-11-28T19:38:31 IST" duration-ms="111656" status="PASS">
          <params>
            <param index="0">
              <value>
                <![CDATA["Verify product can be added to compare section."]]>
              </value>
            </param>
            <param index="1">
              <value>
                <![CDATA["Search Functionality"]]>
              </value>
            </param>
          </params>
          <reporter-output>
          </reporter-output>
        </test-method> <!-- runScenario -->
        <test-method signature="runScenario(io.cucumber.testng.PickleWrapper,io.cucumber.testng.FeatureWrapper)[pri:0, instance:runner.TestRunner@4ba302e0]" started-at="2024-11-28T19:38:34 IST" name="runScenario" description="Runs Cucumber Scenarios" data-provider="scenarios" finished-at="2024-11-28T19:39:42 IST" duration-ms="67088" status="PASS">
          <params>
            <param index="0">
              <value>
                <![CDATA["Verify the functionality of footer links."]]>
              </value>
            </param>
            <param index="1">
              <value>
                <![CDATA["Footer functionality"]]>
              </value>
            </param>
          </params>
          <reporter-output>
          </reporter-output>
        </test-method> <!-- runScenario -->
        <test-method is-config="true" signature="tearDownClass()[pri:0, instance:runner.TestRunner@4ba302e0]" started-at="2024-11-28T19:39:45 IST" name="tearDownClass" finished-at="2024-11-28T19:39:48 IST" duration-ms="2118" status="PASS">
          <reporter-output>
          </reporter-output>
        </test-method> <!-- tearDownClass -->
      </class> <!-- runner.TestRunner -->
    </test> <!-- Cucumber Test Runner -->
  </suite> <!-- Suite -->
</testng-results>
