<?xml version="1.0" encoding="UTF-8"?>
<!-- Generated by org.testng.reporters.JUnitReportReporter -->
<testsuite hostname="Abhisheks-MacBook-Air.local" failures="0" tests="10" name="runner.TestRunner" time="1038.920" errors="1" timestamp="2024-11-28T19:39:53 IST" skipped="0">
  <testcase classname="runner.TestRunner" name="runScenario" time="130.852"/>
  <testcase classname="runner.TestRunner" name="runScenario" time="132.417"/>
  <testcase classname="runner.TestRunner" name="runScenario" time="116.287">
    <error message="For input string: &quot;&quot;" type="java.lang.NumberFormatException">
      <![CDATA[java.lang.NumberFormatException: For input string: ""
at java.base/java.lang.NumberFormatException.forInputString(NumberFormatException.java:67)
at java.base/java.lang.Integer.parseInt(Integer.java:565)
at java.base/java.lang.Integer.parseInt(Integer.java:685)
at pages.SearchPage.verifyProductPriceLiesInRange(SearchPage.java:111)
at steps.SearchPageStep.all_displayed_products_should_fall_within_the_selected_price_range(SearchPageStep.java:50)
at ✽.All displayed products should fall within the selected price range(file:///Users/abhisheksharma/Documents/YAKSHA/Selenium%20Projects%20Rework/Urban_new/VM-Java-UrbanLadder-Automation-L1/src/test/java/features/03_SearchPage.feature:30)
]]>
    </error>
  </testcase> <!-- runScenario -->
  <testcase classname="runner.TestRunner" name="runScenario" time="90.419"/>
  <testcase classname="runner.TestRunner" name="runScenario" time="53.996"/>
  <testcase classname="runner.TestRunner" name="runScenario" time="114.223"/>
  <testcase classname="runner.TestRunner" name="runScenario" time="111.656"/>
  <testcase classname="runner.TestRunner" name="runScenario" time="108.296"/>
  <testcase classname="runner.TestRunner" name="runScenario" time="113.686"/>
  <testcase classname="runner.TestRunner" name="runScenario" time="67.088"/>
</testsuite> <!-- runner.TestRunner -->
